Re-optimizing dependencies because lockfile has changed

  [32m[1mVITE[22m v5.4.21[39m  [2mready in [0m[1m982[22m[2m[0m ms[22m

  [32m➜[39m  [1mLocal[22m:   [36mhttp://localhost:[1m5199[22m/lumina-lite/[39m
  [32m➜[39m  [1mNetwork[22m: [36mhttp://192.168.1.2:[1m5199[22m/lumina-lite/[39m
[2m1:54:42 pm[22m [36m[1m[vite][22m[39m [32mpage reload [39m[2mindex.html[22m
[2m2:09:59 pm[22m [36m[1m[vite][22m[39m [32mpage reload [39m[2mindex.html[22m
[2m2:10:37 pm[22m [36m[1m[vite][22m[39m [32mpage reload [39m[2mindex.html[22m
[2m3:47:21 pm[22m [36m[1m[vite][22m[39m [32mpage reload [39m[2mindex.html[22m
[2m4:56:45 pm[22m [36m[1m[vite][22m[39m [32mpage reload [39m[2mlumina-lite-ui-update/index.html[22m
[2m4:56:45 pm[22m [36m[1m[vite][22m[39m changed tsconfig file detected: D:\nuvio\New folder (3)\lumina-lite-ui-update\tsconfig.json - Clearing cache and forcing full-reload to ensure TypeScript is compiled with updated config values.
node:internal/fs/watchers:323
    const error = new UVException({
                  ^

Error: EBUSY: resource busy or locked, watch 'D:\nuvio\New folder (3)\lumina-lite-ui-update\src\editor.ts'
    at FSWatcher.<computed> (node:internal/fs/watchers:323:19)
    at Object.watch (node:fs:3062:36)
    at createFsWatchInstance (file:///D:/nuvio/New%20folder%20(3)/node_modules/vite/dist/node/chunks/dep-BK3b2jBa.js:42780:17)
    at setFsWatchListener (file:///D:/nuvio/New%20folder%20(3)/node_modules/vite/dist/node/chunks/dep-BK3b2jBa.js:42827:15)
    at NodeFsHandler._watchWithNodeFs (file:///D:/nuvio/New%20folder%20(3)/node_modules/vite/dist/node/chunks/dep-BK3b2jBa.js:42982:14)
    at NodeFsHandler._handleFile (file:///D:/nuvio/New%20folder%20(3)/node_modules/vite/dist/node/chunks/dep-BK3b2jBa.js:43046:23)
    at NodeFsHandler._addToNodeFs (file:///D:/nuvio/New%20folder%20(3)/node_modules/vite/dist/node/chunks/dep-BK3b2jBa.js:43288:21)
Emitted 'error' event on FSWatcher instance at:
    at FSWatcher._handleError (file:///D:/nuvio/New%20folder%20(3)/node_modules/vite/dist/node/chunks/dep-BK3b2jBa.js:44481:10)
    at NodeFsHandler._addToNodeFs (file:///D:/nuvio/New%20folder%20(3)/node_modules/vite/dist/node/chunks/dep-BK3b2jBa.js:43296:18) {
  errno: -4082,
  syscall: 'watch',
  code: 'EBUSY',
  path: 'D:\\nuvio\\New folder (3)\\lumina-lite-ui-update\\src\\editor.ts',
  filename: 'D:\\nuvio\\New folder (3)\\lumina-lite-ui-update\\src\\editor.ts'
}

Node.js v26.5.0
